# JRE version: Java(TM) SE Runtime Environment 18.9 (11.0.19+9) (build 11.0.19+9-LTS-224)
# Java VM: Java HotSpot(TM) 64-Bit Server VM 18.9 (11.0.19+9-LTS-224, mixed mode, tiered, compressed oops, g1 gc, windows-amd64)
Heap:
 garbage-first heap   total 310272K, used 25453K [0x0000000704000000, 0x0000000800000000)
  region size 1024K, 20 young (20480K), 10 survivors (10240K)
 Metaspace       used 47690K, capacity 49186K, committed 49408K, reserved 1091584K
  class space    used 5764K, capacity 6353K, committed 6400K, reserved 1048576K
GC Heap History (10 events):
Event: 0.633 GC heap before
{Heap before GC invocations=0 (full 0):
 garbage-first heap   total 258048K, used 23552K [0x0000000704000000, 0x0000000800000000)
  region size 1024K, 24 young (24576K), 0 survivors (0K)
 Metaspace       used 12213K, capacity 12457K, committed 12672K, reserved 1060864K
  class space    used 1214K, capacity 1327K, committed 1408K, reserved 1048576K
}
Event: 0.637 GC heap after
{Heap after GC invocations=1 (full 0):
 garbage-first heap   total 258048K, used 4710K [0x0000000704000000, 0x0000000800000000)
  region size 1024K, 3 young (3072K), 3 survivors (3072K)
 Metaspace       used 12213K, capacity 12457K, committed 12672K, reserved 1060864K
  class space    used 1214K, capacity 1327K, committed 1408K, reserved 1048576K
}
Event: 1.097 GC heap before
{Heap before GC invocations=1 (full 0):
 garbage-first heap   total 258048K, used 41574K [0x0000000704000000, 0x0000000800000000)
  region size 1024K, 40 young (40960K), 3 survivors (3072K)
 Metaspace       used 20643K, capacity 21116K, committed 21248K, reserved 1069056K
  class space    used 2246K, capacity 2437K, committed 2560K, reserved 1048576K
}
Event: 1.101 GC heap after
{Heap after GC invocations=2 (full 0):
 garbage-first heap   total 258048K, used 6487K [0x0000000704000000, 0x0000000800000000)
  region size 1024K, 5 young (5120K), 5 survivors (5120K)
 Metaspace       used 20643K, capacity 21116K, committed 21248K, reserved 1069056K
  class space    used 2246K, capacity 2437K, committed 2560K, reserved 1048576K
}
Event: 1.593 GC heap before
{Heap before GC invocations=3 (full 0):
 garbage-first heap   total 258048K, used 53591K [0x0000000704000000, 0x0000000800000000)
  region size 1024K, 52 young (53248K), 5 survivors (5120K)
 Metaspace       used 26733K, capacity 27430K, committed 27648K, reserved 1073152K
  class space    used 3015K, capacity 3278K, committed 3328K, reserved 1048576K
}
Event: 1.599 GC heap after
{Heap after GC invocations=4 (full 0):
 garbage-first heap   total 258048K, used 8474K [0x0000000704000000, 0x0000000800000000)
  region size 1024K, 4 young (4096K), 4 survivors (4096K)
 Metaspace       used 26733K, capacity 27430K, committed 27648K, reserved 1073152K
  class space    used 3015K, capacity 3278K, committed 3328K, reserved 1048576K
}
Event: 2.678 GC heap before
{Heap before GC invocations=4 (full 0):
 garbage-first heap   total 258048K, used 55578K [0x0000000704000000, 0x0000000800000000)
  region size 1024K, 51 young (52224K), 4 survivors (4096K)
 Metaspace       used 34760K, capacity 35704K, committed 35840K, reserved 1081344K
  class space    used 4008K, capacity 4395K, committed 4480K, reserved 1048576K
}
Event: 2.684 GC heap after
{Heap after GC invocations=5 (full 0):
 garbage-first heap   total 258048K, used 11601K [0x0000000704000000, 0x0000000800000000)
  region size 1024K, 7 young (7168K), 7 survivors (7168K)
 Metaspace       used 34760K, capacity 35704K, committed 35840K, reserved 1081344K
  class space    used 4008K, capacity 4395K, committed 4480K, reserved 1048576K
}
Event: 21.486 GC heap before
{Heap before GC invocations=6 (full 0):
 garbage-first heap   total 258048K, used 92497K [0x0000000704000000, 0x0000000800000000)
  region size 1024K, 86 young (88064K), 7 survivors (7168K)
 Metaspace       used 46015K, capacity 47479K, committed 47616K, reserved 1091584K
  class space    used 5547K, capacity 6126K, committed 6144K, reserved 1048576K
}
Event: 21.495 GC heap after
{Heap after GC invocations=7 (full 0):
 garbage-first heap   total 310272K, used 16237K [0x0000000704000000, 0x0000000800000000)
  region size 1024K, 10 young (10240K), 10 survivors (10240K)
 Metaspace       used 46015K, capacity 47479K, committed 47616K, reserved 1091584K
  class space    used 5547K, capacity 6126K, committed 6144K, reserved 1048576K
}

